<?xml version="1.0" encoding="UTF-8"?>
<!-- Generated by org.testng.reporters.JUnitReportReporter -->
<testsuite hostname="IKSMUMLTP0452" failures="0" tests="1" name="webElementUtilitiesTest.WebElementUtilitiesTest" time="0.020" errors="0" timestamp="2022-03-08T19:34:01 IST" skipped="0">
  <testcase classname="webElementUtilitiesTest.WebElementUtilitiesTest" name="TestWebelementUtilities" time="0.020"/>
  <system-out/>
</testsuite> <!-- webElementUtilitiesTest.WebElementUtilitiesTest -->
