<?xml version="1.0" encoding="UTF-8"?>
<!-- Generated by org.testng.reporters.JUnitReportReporter -->
<testsuite hostname="IKSMUMLTP0452" failures="0" tests="1" name="excelUtilitiesTest.ExcelUtilitiesTest" time="0.679" errors="0" timestamp="2022-03-08T19:31:46 IST" skipped="0">
  <testcase classname="excelUtilitiesTest.ExcelUtilitiesTest" name="ExcelDemo" time="0.679"/>
  <system-out/>
</testsuite> <!-- excelUtilitiesTest.ExcelUtilitiesTest -->
