<?xml version="1.0" encoding="UTF-8"?>
<!-- Generated by org.testng.reporters.JUnitReportReporter -->
<testsuite hostname="IKSMUMLTP0452" failures="0" tests="1" name="reportingUtilitiesTest.ReportingTest" time="0.008" errors="0" timestamp="2022-03-08T19:33:21 IST" skipped="0">
  <testcase classname="reportingUtilitiesTest.ReportingTest" name="testBroswerWithDateTimeStampNew" time="0.008"/>
  <system-out/>
</testsuite> <!-- reportingUtilitiesTest.ReportingTest -->
