<?xml version="1.0" encoding="UTF-8"?>
<!-- Generated by org.testng.reporters.JUnitReportReporter -->
<testsuite hostname="IKSMUMLTP0452" failures="0" tests="10" name="fileUtilitiesTest.ReadFileTest" time="0.068" errors="0" timestamp="2022-03-08T19:32:08 IST" skipped="0">
  <testcase classname="fileUtilitiesTest.ReadFileTest" name="verifyTextFileExist" time="0.014"/>
  <system-out/>
  <testcase classname="fileUtilitiesTest.ReadFileTest" name="createTextFile" time="0.002"/>
  <system-out/>
  <testcase classname="fileUtilitiesTest.ReadFileTest" name="writeDataInTextFile" time="0.006"/>
  <system-out/>
  <testcase classname="fileUtilitiesTest.ReadFileTest" name="readTextFile" time="0.003"/>
  <system-out/>
  <testcase classname="fileUtilitiesTest.ReadFileTest" name="deleteTextFile" time="0.006"/>
  <system-out/>
  <testcase classname="fileUtilitiesTest.ReadFileTest" name="verifyPropertiesFileExist" time="0.004"/>
  <system-out/>
  <testcase classname="fileUtilitiesTest.ReadFileTest" name="createPropertiesFile" time="0.005"/>
  <system-out/>
  <testcase classname="fileUtilitiesTest.ReadFileTest" name="writeInPropertiesFile" time="0.017"/>
  <system-out/>
  <testcase classname="fileUtilitiesTest.ReadFileTest" name="readFromPropertiesFile" time="0.005"/>
  <system-out/>
  <testcase classname="fileUtilitiesTest.ReadFileTest" name="deletePropFile" time="0.006"/>
  <system-out/>
</testsuite> <!-- fileUtilitiesTest.ReadFileTest -->
