<?xml version="1.0" encoding="UTF-8"?>
<!-- Generated by org.testng.reporters.JUnitReportReporter -->
<testsuite hostname="IKSMUMLTP0452" failures="0" tests="1" name="screenRecorderUtilitiesTest.ScreenRecorderTest" time="0.012" errors="0" timestamp="2022-03-08T19:33:46 IST" skipped="0">
  <testcase classname="screenRecorderUtilitiesTest.ScreenRecorderTest" name="testBroswerWithDateTimeStampNew" time="0.012"/>
  <system-out/>
</testsuite> <!-- screenRecorderUtilitiesTest.ScreenRecorderTest -->
